<?xml version="1.0" encoding="UTF-8"?>
<!-- Generated by org.testng.reporters.JUnitReportReporter -->
<testsuite hostname="raama" failures="0" tests="3" name="pruthvi1.flightbooking" time="0.000" errors="0" timestamp="2023-08-28T13:24:01 IST" skipped="3">
  <testcase classname="pruthvi1.flightbooking" name="MMT" time="0.000">
    <skipped/>
  </testcase> <!-- MMT -->
  <system-out/>
  <testcase classname="pruthvi1.flightbooking" name="t3" time="0.000">
    <skipped/>
  </testcase> <!-- t3 -->
  <system-out/>
  <testcase classname="pruthvi1.flightbooking" name="t2" time="0.000">
    <skipped/>
  </testcase> <!-- t2 -->
  <system-out/>
</testsuite> <!-- pruthvi1.flightbooking -->
