<?xml version="1.0" encoding="UTF-8"?>
<!-- Generated by org.testng.reporters.JUnitReportReporter -->
<testsuite hostname="raama" failures="0" tests="3" name="pruthvi1.demo" time="0.000" errors="0" timestamp="2023-08-28T13:24:02 IST" skipped="3">
  <testcase classname="pruthvi1.demo" name="tt1" time="0.000">
    <skipped/>
  </testcase> <!-- tt1 -->
  <system-out/>
  <testcase classname="pruthvi1.demo" name="tt2" time="0.000">
    <skipped/>
  </testcase> <!-- tt2 -->
  <system-out/>
  <testcase classname="pruthvi1.demo" name="t2" time="0.000">
    <skipped/>
  </testcase> <!-- t2 -->
  <system-out/>
</testsuite> <!-- pruthvi1.demo -->
