<?xml version="1.0" encoding="UTF-8"?>
<!-- Generated by org.testng.reporters.JUnitReportReporter -->
<testsuite hostname="raama" failures="0" tests="2" name="pruthvi1.orangedemo" time="0.000" errors="0" timestamp="2023-08-28T13:24:01 IST" skipped="2">
  <testcase classname="pruthvi1.orangedemo" name="login" time="0.000">
    <skipped/>
  </testcase> <!-- login -->
  <system-out/>
  <testcase classname="pruthvi1.orangedemo" name="admin" time="0.000">
    <skipped/>
  </testcase> <!-- admin -->
  <system-out/>
</testsuite> <!-- pruthvi1.orangedemo -->
