<?xml version="1.0" encoding="UTF-8"?>
<!-- Generated by org.testng.reporters.JUnitReportReporter -->
<testsuite hostname="raama" failures="0" tests="3" name="pruthvi1.orange" time="0.000" errors="0" timestamp="2023-08-28T13:24:01 IST" skipped="3">
  <testcase classname="pruthvi1.orange" name="admin" time="0.000">
    <skipped/>
  </testcase> <!-- admin -->
  <system-out/>
  <testcase classname="pruthvi1.orange" name="login" time="0.000">
    <skipped/>
  </testcase> <!-- login -->
  <system-out/>
  <testcase classname="pruthvi1.orange" name="logout">
    <skipped/>
  </testcase> <!-- logout -->
  <system-out/>
</testsuite> <!-- pruthvi1.orange -->
