<?xml version="1.0" encoding="UTF-8"?>
<!-- Generated by org.testng.reporters.JUnitReportReporter -->
<testsuite hostname="raama" failures="0" tests="3" name="pruthvi1.moolya" time="0.000" errors="0" timestamp="2023-08-28T13:24:02 IST" skipped="3">
  <testcase classname="pruthvi1.moolya" name="Test1" time="0.000">
    <skipped/>
  </testcase> <!-- Test1 -->
  <system-out/>
  <testcase classname="pruthvi1.moolya" name="Test2" time="0.000">
    <skipped/>
  </testcase> <!-- Test2 -->
  <system-out/>
  <testcase classname="pruthvi1.moolya" name="Test3" time="0.000">
    <skipped/>
  </testcase> <!-- Test3 -->
  <system-out/>
</testsuite> <!-- pruthvi1.moolya -->
