<?xml version="1.0" encoding="UTF-8"?>
<!-- Generated by org.testng.reporters.JUnitReportReporter -->
<testsuite hostname="raama" failures="0" tests="1" name="pruthvi1.datadriven" time="0.000" errors="0" timestamp="2023-08-28T13:24:01 IST" skipped="1">
  <testcase classname="pruthvi1.datadriven" name="test1" time="0.000">
    <skipped/>
  </testcase> <!-- test1 -->
  <system-out/>
</testsuite> <!-- pruthvi1.datadriven -->
