<?xml version="1.0" encoding="UTF-8"?>
<!-- Generated by org.testng.reporters.JUnitReportReporter -->
<testsuite hostname="raama" failures="0" tests="3" name="pruthvi1.ajio" time="0.000" errors="0" timestamp="2023-08-28T13:24:01 IST" skipped="3">
  <testcase classname="pruthvi1.ajio" name="AJ1" time="0.000">
    <skipped/>
  </testcase> <!-- AJ1 -->
  <system-out/>
  <testcase classname="pruthvi1.ajio" name="Accessories" time="0.000">
    <skipped/>
  </testcase> <!-- Accessories -->
  <system-out/>
  <testcase classname="pruthvi1.ajio" name="SelectedItem" time="0.000">
    <skipped/>
  </testcase> <!-- SelectedItem -->
  <system-out/>
</testsuite> <!-- pruthvi1.ajio -->
